<?xml version="1.0" encoding="UTF-8"?>
<testsuite name="JUnit Jupiter" tests="6" skipped="0" failures="0" errors="0" time="1.294" hostname="travis-job-zuinnote-hadoopcryptole-391466503.travisci.net" timestamp="2018-06-12T21:16:32">
<properties>
<property name="awt.toolkit" value="sun.awt.X11.XToolkit"/>
<property name="file.encoding" value="UTF-8"/>
<property name="file.encoding.pkg" value="sun.io"/>
<property name="file.separator" value="/"/>
<property name="java.awt.graphicsenv" value="sun.awt.X11GraphicsEnvironment"/>
<property name="java.awt.printerjob" value="sun.print.PSPrinterJob"/>
<property name="java.class.path" value="/home/travis/build/ZuInnoTe/hadoopcryptoledger/hiveserde/build/classes/java/test:/home/travis/build/ZuInnoTe/hadoopcryptoledger/hiveserde/build/resources/test:/home/travis/build/ZuInnoTe/hadoopcryptoledger/hiveserde/build/classes/java/main:/home/travis/build/ZuInnoTe/hadoopcryptoledger/hiveserde/build/resources/main:/home/travis/.gradle/caches/modules-2/files-2.1/com.github.zuinnote/hadoopcryptoledger-fileformat/1.2.0/c3d1d7f4ba87f7265b9fcf33f19f6ce8dc12cd2b/hadoopcryptoledger-fileformat-1.2.0.jar:/home/travis/.gradle/caches/modules-2/files-2.1/org.junit.jupiter/junit-jupiter-engine/5.1.1/92ae5e81f6459edc0fd1cb74612c910a01622c7/junit-jupiter-engine-5.1.1.jar:/home/travis/.gradle/caches/modules-2/files-2.1/org.junit.jupiter/junit-jupiter-api/5.1.1/fcca73c9c2825c9a966380c6d146a71acba233ca/junit-jupiter-api-5.1.1.jar:/home/travis/.gradle/caches/modules-2/files-2.1/org.junit.platform/junit-platform-engine/1.1.1/62af0a28f8c153b940e8abcb485f25dd07ffe633/junit-platform-engine-1.1.1.jar:/home/travis/.gradle/caches/modules-2/files-2.1/org.junit.platform/junit-platform-commons/1.1.1/36fca464a84454cf56ae2759a8ba18d6d99d1113/junit-platform-commons-1.1.1.jar:/home/travis/.gradle/caches/modules-2/files-2.1/org.apiguardian/apiguardian-api/1.0.0/3ef5276905e36f4d8055fe3cb0bdcc7503ffc85d/apiguardian-api-1.0.0.jar:/home/travis/.gradle/caches/modules-2/files-2.1/org.opentest4j/opentest4j/1.0.0/6f09c598e9ff64bf0ce2fa7e7de49a99ba83c0b4/opentest4j-1.0.0.jar:/home/travis/.gradle/caches/modules-2/files-2.1/org.apache.hadoop/hadoop-client/2.7.0/73be5be8ee3ce6dc75cd3a293d0ddae4bdf5474e/hadoop-client-2.7.0.jar:/home/travis/.gradle/caches/modules-2/files-2.1/org.apache.hive/hive-exec/1.2.0/8aa275d291c95cf66f13049101483dbd785b524f/hive-exec-1.2.0.jar:/home/travis/.gradle/caches/modules-2/files-2.1/org.apache.hive/hive-metastore/1.2.0/262177a2ead996d9115945923dc278e0de7d3d5e/hive-metastore-1.2.0.jar:/home/travis/.gradle/caches/modules-2/files-2.1/org.apache.hive/hive-serde/1.2.0/7eb56cff950d0d2657c73471a3117a2b0a7d098d/hive-serde-1.2.0.jar:/home/travis/.gradle/caches/modules-2/files-2.1/org.apache.logging.log4j/log4j-api/2.9.1/7a2999229464e7a324aa503c0a52ec0f05efe7bd/log4j-api-2.9.1.jar:/home/travis/.gradle/caches/modules-2/files-2.1/org.apache.hadoop/hadoop-common/2.7.0/b67be0ff22ae931d900c1a511cb7d777fd5b07c7/hadoop-common-2.7.0.jar:/home/travis/.gradle/caches/modules-2/files-2.1/org.apache.hadoop/hadoop-hdfs/2.7.0/17fc2f0398cf80c2047bcfbb9bd453d321fee63/hadoop-hdfs-2.7.0.jar:/home/travis/.gradle/caches/modules-2/files-2.1/org.apache.hadoop/hadoop-mapreduce-client-app/2.7.0/d796d154ee86a63abb341e21ec18439b2e4ab7c0/hadoop-mapreduce-client-app-2.7.0.jar:/home/travis/.gradle/caches/modules-2/files-2.1/org.apache.hadoop/hadoop-mapreduce-client-jobclient/2.7.0/98af7d6ebf3093fffe9a9ff10c88a006179df77e/hadoop-mapreduce-client-jobclient-2.7.0.jar:/home/travis/.gradle/caches/modules-2/files-2.1/org.apache.hadoop/hadoop-mapreduce-client-shuffle/2.7.0/bc3eaa4a727d29791f3a573594ca411900a47d74/hadoop-mapreduce-client-shuffle-2.7.0.jar:/home/travis/.gradle/caches/modules-2/files-2.1/org.apache.hadoop/hadoop-mapreduce-client-common/2.7.0/d0e43e6ef2b4df32b8e9721bd1ae0a647884b3ab/hadoop-mapreduce-client-common-2.7.0.jar:/home/travis/.gradle/caches/modules-2/files-2.1/org.apache.hadoop/hadoop-yarn-client/2.7.0/2d46d97a8bae442408a1db38c36c4de128aae763/hadoop-yarn-client-2.7.0.jar:/home/travis/.gradle/caches/modules-2/files-2.1/org.apache.hadoop/hadoop-yarn-server-nodemanager/2.7.0/b73da4ff767f57d967e0cc598dc1673587ce27db/hadoop-yarn-server-nodemanager-2.7.0.jar:/home/travis/.gradle/caches/modules-2/files-2.1/org.apache.hive/hive-common/1.2.0/26e39935b56ecf2cfbcd3a0850db2905e0a7de8d/hive-common-1.2.0.jar:/home/travis/.gradle/caches/modules-2/files-2.1/org.apache.hive/hive-shims/1.2.0/90479edb6729bf442434131678f4cf515541078/hive-shims-1.2.0.jar:/home/travis/.gradle/caches/modules-2/files-2.1/org.apache.hive.shims/hive-shims-0.23/1.2.0/258c2b4a09e22c5c32a393d091875ab4bdd8d2fd/hive-shims-0.23-1.2.0.jar:/home/travis/.gradle/caches/modules-2/files-2.1/org.apache.hadoop/hadoop-yarn-server-resourcemanager/2.6.0/8d9240e288d501bf2c5dbd3870d6d87b3c79769/hadoop-yarn-server-resourcemanager-2.6.0.jar:/home/travis/.gradle/caches/modules-2/files-2.1/org.apache.hadoop/hadoop-yarn-server-applicationhistoryservice/2.6.0/1a1bc2114c4c2004c6a1841f897778ae77d2a065/hadoop-yarn-server-applicationhistoryservice-2.6.0.jar:/home/travis/.gradle/caches/modules-2/files-2.1/org.apache.hadoop/hadoop-yarn-server-web-proxy/2.6.0/49042e6b5c54cfde7756b869669761a2b1ad6bf4/hadoop-yarn-server-web-proxy-2.6.0.jar:/home/travis/.gradle/caches/modules-2/files-2.1/org.apache.hadoop/hadoop-mapreduce-client-core/2.7.0/4046f0a3e4adc3b6cc9e4f3b455eb0a954d01faf/hadoop-mapreduce-client-core-2.7.0.jar:/home/travis/.gradle/caches/modules-2/files-2.1/org.apache.hadoop/hadoop-yarn-server-common/2.7.0/97ddd9bc8fd2531dc4601c41be50763a9f63a905/hadoop-yarn-server-common-2.7.0.jar:/home/travis/.gradle/caches/modules-2/files-2.1/org.apache.hadoop/hadoop-yarn-common/2.7.0/acdcfa98feae91bc4ab7f72c5648d50163a74725/hadoop-yarn-common-2.7.0.jar:/home/travis/.gradle/caches/modules-2/files-2.1/org.apache.hadoop/hadoop-yarn-api/2.7.0/3f8445cfc9739af9fd593accc39d5c1102ee805a/hadoop-yarn-api-2.7.0.jar:/home/travis/.gradle/caches/modules-2/files-2.1/org.apache.hadoop/hadoop-annotations/2.7.0/ed3e60c290836577c1c6c37b853220e993837c94/hadoop-annotations-2.7.0.jar:/home/travis/.gradle/caches/modules-2/files-2.1/org.apache.calcite/calcite-core/1.2.0-incubating/48fbc72e0c33026e53ab2272bafa4917ff598693/calcite-core-1.2.0-incubating.jar:/home/travis/.gradle/caches/modules-2/files-2.1/com.google.code.findbugs/jsr305/3.0.0/5871fb60dc68d67da54a663c3fd636a10a532948/jsr305-3.0.0.jar:/home/travis/.gradle/caches/modules-2/files-2.1/org.apache.hadoop/hadoop-auth/2.7.0/10351dee7ef55affc959f14b4357bbb00ed40ea0/hadoop-auth-2.7.0.jar:/home/travis/.gradle/caches/modules-2/files-2.1/org.apache.thrift/libfb303/0.9.2/170e8070265a469a2365c1e4c65f8d4f0c384ec6/libfb303-0.9.2.jar:/home/travis/.gradle/caches/modules-2/files-2.1/org.apache.hive.shims/hive-shims-0.20S/1.2.0/58ec77f5280b7314b8d5225276589e387c4b36fe/hive-shims-0.20S-1.2.0.jar:/home/travis/.gradle/caches/modules-2/files-2.1/org.apache.hive.shims/hive-shims-scheduler/1.2.0/a9e7def4fd3bc87dc3c120d64a37d58944628113/hive-shims-scheduler-1.2.0.jar:/home/travis/.gradle/caches/modules-2/files-2.1/org.apache.hive.shims/hive-shims-common/1.2.0/3b2477900cf79a3a9063d3456cf7e7631f179afc/hive-shims-common-1.2.0.jar:/home/travis/.gradle/caches/modules-2/files-2.1/org.apache.thrift/libthrift/0.9.2/9b067e2e2c5291e9f0d8b3561b1654286e6d81ee/libthrift-0.9.2.jar:/home/travis/.gradle/caches/modules-2/files-2.1/org.apache.httpcomponents/httpclient/4.2.5/666e26e76f2e87d84e4f16acb546481ae1b8e9a6/httpclient-4.2.5.jar:/home/travis/.gradle/caches/modules-2/files-2.1/commons-httpclient/commons-httpclient/3.1/964cd74171f427720480efdec40a7c7f6e58426a/commons-httpclient-3.1.jar:/home/travis/.gradle/caches/modules-2/files-2.1/commons-codec/commons-codec/1.6/b7f0fc8f61ecadeb3695f0b9464755eee44374d4/commons-codec-1.6.jar:/home/travis/.gradle/caches/modules-2/files-2.1/org.apache.hive/hive-ant/1.2.0/e1ede6b4e3cfd1e94e6b5284d1ddf9e96e774321/hive-ant-1.2.0.jar:/home/travis/.gradle/caches/modules-2/files-2.1/commons-configuration/commons-configuration/1.6/32cadde23955d7681b0d94a2715846d20b425235/commons-configuration-1.6.jar:/home/travis/.gradle/caches/modules-2/files-2.1/org.apache.velocity/velocity/1.5/9f306baf7523ffc0e81a6353d08a584d254133b/velocity-1.5.jar:/home/travis/.gradle/caches/modules-2/files-2.1/org.pentaho/pentaho-aggdesigner-algorithm/5.1.5-jhyde/c52379c645c6c85300e645dff7c72653bf85baa2/pentaho-aggdesigner-algorithm-5.1.5-jhyde.jar:/home/travis/.gradle/caches/modules-2/files-2.1/commons-lang/commons-lang/2.6/ce1edb914c94ebc388f086c6827e8bdeec71ac2/commons-lang-2.6.jar:/home/travis/.gradle/caches/modules-2/files-2.1/commons-digester/commons-digester/1.8/dc6a73fdbd1fa3f0944e8497c6c872fa21dca37e/commons-digester-1.8.jar:/home/travis/.gradle/caches/modules-2/files-2.1/commons-beanutils/commons-beanutils-core/1.8.0/175dc721f87e4bc5cc0573f990e28c3cf9117508/commons-beanutils-core-1.8.0.jar:/home/travis/.gradle/caches/modules-2/files-2.1/commons-beanutils/commons-beanutils/1.7.0/5675fd96b29656504b86029551973d60fb41339b/commons-beanutils-1.7.0.jar:/home/travis/.gradle/caches/modules-2/files-2.1/commons-logging/commons-logging/1.1.3/f6f66e966c70a83ffbdb6f17a0919eaf7c8aca7f/commons-logging-1.1.3.jar:/home/travis/.gradle/caches/modules-2/files-2.1/org.apache.avro/avro/1.7.5/8343a5b33f56fa16306ed27fa7b1a79278c26c2d/avro-1.7.5.jar:/home/travis/.gradle/caches/modules-2/files-2.1/net.sf.opencsv/opencsv/2.3/c23708cdb9e80a144db433e23344a788a1fd6599/opencsv-2.3.jar:/home/travis/.gradle/caches/modules-2/files-2.1/com.twitter/parquet-hadoop-bundle/1.6.0/b5ac7d2781de212c84420962723093cd17cefd72/parquet-hadoop-bundle-1.6.0.jar:/home/travis/.gradle/caches/modules-2/files-2.1/com.jolbox/bonecp/0.8.0.RELEASE/cec24ee9345b3678472bb1b8fdd6aa6b9428beb8/bonecp-0.8.0.RELEASE.jar:/home/travis/.gradle/caches/modules-2/files-2.1/org.apache.curator/apache-curator/2.6.0/1bbbe3a8c191ec5a63ec2eaec7988d8292ea65d2/apache-curator-2.6.0.pom:/home/travis/.gradle/caches/modules-2/files-2.1/org.apache.curator/curator-recipes/2.7.1/a2c180efc6a38a4f8c9197eb35bb4eb5716cd2fa/curator-recipes-2.7.1.jar:/home/travis/.gradle/caches/modules-2/files-2.1/org.apache.curator/curator-framework/2.7.1/8c7b1eeb78e43bb91ea737111ba3dec0512be876/curator-framework-2.7.1.jar:/home/travis/.gradle/caches/modules-2/files-2.1/org.apache.curator/curator-client/2.7.1/a591dfc085db3e9d4d480381cc7e6ae8a26b34af/curator-client-2.7.1.jar:/home/travis/.gradle/caches/modules-2/files-2.1/org.apache.zookeeper/zookeeper/3.4.6/1b2502e29da1ebaade2357cd1de35a855fa3755/zookeeper-3.4.6.jar:/home/travis/.gradle/caches/modules-2/files-2.1/org.apache.directory.server/apacheds-kerberos-codec/2.0.0-M15/1c16e4e477183641c5f0dd5cdecd27ec331bacb5/apacheds-kerberos-codec-2.0.0-M15.jar:/home/travis/.gradle/caches/modules-2/files-2.1/org.apache.directory.server/apacheds-i18n/2.0.0-M15/71c61c84683152ec2a6a65f3f96fe534e304fa22/apacheds-i18n-2.0.0-M15.jar:/home/travis/.gradle/caches/modules-2/files-2.1/org.apache.directory.api/api-asn1-api/1.0.0-M20/5e6486ffa3125ba44dc410ead166e1d6ba8ac76d/api-asn1-api-1.0.0-M20.jar:/home/travis/.gradle/caches/modules-2/files-2.1/org.apache.directory.api/api-util/1.0.0-M20/a871abf060b3cf83fc6dc4d7e3d151fce50ac3cb/api-util-1.0.0-M20.jar:/home/travis/.gradle/caches/modules-2/files-2.1/org.slf4j/slf4j-log4j12/1.7.10/b3eeae7d1765f988a1f45ea81517191315c69c9e/slf4j-log4j12-1.7.10.jar:/home/travis/.gradle/caches/modules-2/files-2.1/org.slf4j/slf4j-api/1.7.10/5b338f206827d88acd890739f400a9b7664e5984/slf4j-api-1.7.10.jar:/home/travis/.gradle/caches/modules-2/files-2.1/commons-io/commons-io/2.4/b1b6ea3b7e4aa4f492509a4952029cd8e48019ad/commons-io-2.4.jar:/home/travis/.gradle/caches/modules-2/files-2.1/log4j/apache-log4j-extras/1.2.17/85863614d82185d7e51fe21c00aa9117a523a8b6/apache-log4j-extras-1.2.17.jar:/home/travis/.gradle/caches/modules-2/files-2.1/log4j/log4j/1.2.17/5af35056b4d257e4b64b9e8069c0746e8b08629f/log4j-1.2.17.jar:/home/travis/.gradle/caches/modules-2/files-2.1/org.antlr/ST4/4.0.4/467a2aa12be6d0f0f68c70eecf6714ab733027ac/ST4-4.0.4.jar:/home/travis/.gradle/caches/modules-2/files-2.1/org.antlr/antlr-runtime/3.4/8f011408269a8e42b8548687e137d8eeb56df4b4/antlr-runtime-3.4.jar:/home/travis/.gradle/caches/modules-2/files-2.1/org.apache.ant/ant/1.9.1/35900c96dbebc85dcfbd71f4661059ebcf93c077/ant-1.9.1.jar:/home/travis/.gradle/caches/modules-2/files-2.1/org.apache.commons/commons-compress/1.4.1/b02e84a993d88568417536240e970c4b809126fd/commons-compress-1.4.1.jar:/home/travis/.gradle/caches/modules-2/files-2.1/org.apache.ivy/ivy/2.4.0/5abe4c24bbe992a9ac07ca563d5bd3e8d569e9ed/ivy-2.4.0.jar:/home/travis/.gradle/caches/modules-2/files-2.1/org.codehaus.groovy/groovy-all/2.1.6/165b8246372a829c1915611646f6d964010656cf/groovy-all-2.1.6.jar:/home/travis/.gradle/caches/modules-2/files-2.1/org.datanucleus/datanucleus-core/3.2.10/7ad66634f30d7c6a06373475e94bcfbe65e2648e/datanucleus-core-3.2.10.jar:/home/travis/.gradle/caches/modules-2/files-2.1/org.apache.calcite/calcite-avatica/1.2.0-incubating/449432909cb395700a7293cb4147b4230124fd9d/calcite-avatica-1.2.0-incubating.jar:/home/travis/.gradle/caches/modules-2/files-2.1/stax/stax-api/1.0.1/49c100caf72d658aca8e58bd74a4ba90fa2b0d70/stax-api-1.0.1.jar:/home/travis/.gradle/caches/modules-2/files-2.1/jline/jline/2.12/ce9062c6a125e0f9ad766032573c041ae8ecc986/jline-2.12.jar:/home/travis/.gradle/caches/modules-2/files-2.1/org.apache.calcite/calcite-linq4j/1.2.0-incubating/e5370a39bafe076eeec8355b1cc0b09dec0137ec/calcite-linq4j-1.2.0-incubating.jar:/home/travis/.gradle/caches/modules-2/files-2.1/com.google.guava/guava/16.0.1/5fa98cd1a63c99a44dd8d3b77e4762b066a5d0c5/guava-16.0.1.jar:/home/travis/.gradle/caches/modules-2/files-2.1/commons-cli/commons-cli/1.2/2bf96b7aa8b611c177d329452af1dc933e14501c/commons-cli-1.2.jar:/home/travis/.gradle/caches/modules-2/files-2.1/org.apache.commons/commons-math3/3.1.1/6719d757a98ff24a83d9d727bef9cec83f59b6e1/commons-math3-3.1.1.jar:/home/travis/.gradle/caches/modules-2/files-2.1/xmlenc/xmlenc/0.52/d82554efbe65906d83b3d97bd7509289e9db561a/xmlenc-0.52.jar:/home/travis/.gradle/caches/modules-2/files-2.1/commons-net/commons-net/3.1/2298164a7c2484406f2aa5ac85b205d39019896f/commons-net-3.1.jar:/home/travis/.gradle/caches/modules-2/files-2.1/commons-collections/commons-collections/3.2.1/761ea405b9b37ced573d2df0d1e3a4e0f9edc668/commons-collections-3.2.1.jar:/home/travis/.gradle/caches/modules-2/files-2.1/javax.servlet.jsp/jsp-api/2.1/63f943103f250ef1f3a4d5e94d145a0f961f5316/jsp-api-2.1.jar:/home/travis/.gradle/caches/modules-2/files-2.1/com.sun.jersey/jersey-json/1.9/1aa73e1896bcc7013fed247157d7f676226eb432/jersey-json-1.9.jar:/home/travis/.gradle/caches/modules-2/files-2.1/org.codehaus.jackson/jackson-jaxrs/1.9.13/534d72d2b9d6199dd531dfb27083dd4844082bba/jackson-jaxrs-1.9.13.jar:/home/travis/.gradle/caches/modules-2/files-2.1/org.codehaus.jackson/jackson-xc/1.9.13/e3480072bc95c202476ffa1de99ff7ee9149f29c/jackson-xc-1.9.13.jar:/home/travis/.gradle/caches/modules-2/files-2.1/org.codehaus.jackson/jackson-mapper-asl/1.9.13/1ee2f2bed0e5dd29d1cb155a166e6f8d50bbddb7/jackson-mapper-asl-1.9.13.jar:/home/travis/.gradle/caches/modules-2/files-2.1/org.codehaus.jackson/jackson-core-asl/1.9.13/3c304d70f42f832e0a86d45bd437f692129299a4/jackson-core-asl-1.9.13.jar:/home/travis/.gradle/caches/modules-2/files-2.1/com.google.protobuf/protobuf-java/2.5.0/a10732c76bfacdbd633a7eb0f7968b1059a65dfa/protobuf-java-2.5.0.jar:/home/travis/.gradle/caches/modules-2/files-2.1/com.google.code.gson/gson/2.2.4/a60a5e993c98c864010053cb901b7eab25306568/gson-2.2.4.jar:/home/travis/.gradle/caches/modules-2/files-2.1/org.apache.htrace/htrace-core/3.1.0-incubating/f73606e7c9ede5802335c290bf47490ad6d51df3/htrace-core-3.1.0-incubating.jar:/home/travis/.gradle/caches/modules-2/files-2.1/org.mortbay.jetty/jetty/6.1.26/2f546e289fddd5b1fab1d4199fbb6e9ef43ee4b0/jetty-6.1.26.jar:/home/travis/.gradle/caches/modules-2/files-2.1/org.mortbay.jetty/jetty-util/6.1.26/e5642fe0399814e1687d55a3862aa5a3417226a9/jetty-util-6.1.26.jar:/home/travis/.gradle/caches/modules-2/files-2.1/io.netty/netty-all/4.0.23.Final/294104aaf1781d6a56a07d561e792c5d0c95f45/netty-all-4.0.23.Final.jar:/home/travis/.gradle/caches/modules-2/files-2.1/xerces/xercesImpl/2.9.1/7bc7e49ddfe4fb5f193ed37ecc96c12292c8ceb6/xercesImpl-2.9.1.jar:/home/travis/.gradle/caches/modules-2/files-2.1/org.fusesource.leveldbjni/leveldbjni-all/1.8/707350a2eeb1fa2ed77a32ddb3893ed308e941db/leveldbjni-all-1.8.jar:/home/travis/.gradle/caches/modules-2/files-2.1/joda-time/joda-time/2.5/c73038a3688525aad5cf33409df483178290cd64/joda-time-2.5.jar:/home/travis/.gradle/caches/modules-2/files-2.1/org.json/json/20090211/c183aa3a2a6250293808bba12262c8920ce5a51c/json-20090211.jar:/home/travis/.gradle/caches/modules-2/files-2.1/org.apache.httpcomponents/httpcore/4.2.4/3b7f38df6de5dd8b500e602ae8c2dd5ee446f883/httpcore-4.2.4.jar:/home/travis/.gradle/caches/modules-2/files-2.1/org.apache.derby/derby/10.11.1.1/df4b50061e8e4c348ce243b921f53ee63ba9bbe1/derby-10.11.1.1.jar:/home/travis/.gradle/caches/modules-2/files-2.1/org.datanucleus/datanucleus-api-jdo/3.2.6/cb21100ecc0d2e80dfd62067046c8a2a25a95c50/datanucleus-api-jdo-3.2.6.jar:/home/travis/.gradle/caches/modules-2/files-2.1/org.datanucleus/datanucleus-rdbms/3.2.9/b95b6ff6ea969ab67f06754108167c4f9fadfd7e/datanucleus-rdbms-3.2.9.jar:/home/travis/.gradle/caches/modules-2/files-2.1/commons-dbcp/commons-dbcp/1.4/30be73c965cc990b153a100aaaaafcf239f82d39/commons-dbcp-1.4.jar:/home/travis/.gradle/caches/modules-2/files-2.1/commons-pool/commons-pool/1.5.4/75b6e20c596ed2945a259cea26d7fadd298398e6/commons-pool-1.5.4.jar:/home/travis/.gradle/caches/modules-2/files-2.1/javax.jdo/jdo-api/3.0.1/58e7a538e020b73871e232eeb064835fd98a492/jdo-api-3.0.1.jar:/home/travis/.gradle/caches/modules-2/files-2.1/org.antlr/stringtemplate/3.2.1/59ec8083721eae215c6f3caee944c410d2be34de/stringtemplate-3.2.1.jar:/home/travis/.gradle/caches/modules-2/files-2.1/antlr/antlr/2.7.7/83cd2cd674a217ade95a4bb83a8a14f351f48bd0/antlr-2.7.7.jar:/home/travis/.gradle/caches/modules-2/files-2.1/org.apache.ant/ant-launcher/1.9.1/7c71043ca185eaada9e36391dd022d92859327de/ant-launcher-1.9.1.jar:/home/travis/.gradle/caches/modules-2/files-2.1/org.tukaani/xz/1.0/ecff5cb8b1189514c9d1d8d68eb77ac372e000c9/xz-1.0.jar:/home/travis/.gradle/caches/modules-2/files-2.1/io.netty/netty/3.7.0.Final/7a8c35599c68c0bf383df74469aa3e03d9aca87/netty-3.7.0.Final.jar:/home/travis/.gradle/caches/modules-2/files-2.1/net.hydromatic/eigenbase-properties/1.1.5/a941956b3a4664d0cf728ece06ba25cc2110a3aa/eigenbase-properties-1.1.5.jar:/home/travis/.gradle/caches/modules-2/files-2.1/org.codehaus.janino/janino/2.7.6/37fde5de7edd5d7ebe075f03f4c083df2ac73dd8/janino-2.7.6.jar:/home/travis/.gradle/caches/modules-2/files-2.1/org.codehaus.janino/commons-compiler/2.7.6/b71e76d942b33dfa26e4e3047ff2a774d1f917b4/commons-compiler-2.7.6.jar:/home/travis/.gradle/caches/modules-2/files-2.1/xml-apis/xml-apis/1.3.04/90b215f48fe42776c8c7f6e3509ec54e84fd65ef/xml-apis-1.3.04.jar:/home/travis/.gradle/caches/modules-2/files-2.1/com.sun.xml.bind/jaxb-impl/2.2.3-1/56baae106392040a45a06d4a41099173425da1e6/jaxb-impl-2.2.3-1.jar:/home/travis/.gradle/caches/modules-2/files-2.1/javax.xml.bind/jaxb-api/2.2.2/aeb3021ca93dde265796d82015beecdcff95bf09/jaxb-api-2.2.2.jar:/home/travis/.gradle/caches/modules-2/files-2.1/javax.servlet/servlet-api/2.5/5959582d97d8b61f4d154ca9e495aafd16726e34/servlet-api-2.5.jar:/home/travis/.gradle/caches/modules-2/files-2.1/com.sun.jersey/jersey-client/1.9/d3c4b2b5f89db32c96ceddcb863684821910a7bb/jersey-client-1.9.jar:/home/travis/.gradle/caches/modules-2/files-2.1/com.sun.jersey.contribs/jersey-guice/1.9/5963c28c47df7e5d6ad34cec80c071c368777f7b/jersey-guice-1.9.jar:/home/travis/.gradle/caches/modules-2/files-2.1/com.sun.jersey/jersey-server/1.9/3a6ea7cc5e15c824953f9f3ece2201b634d90d18/jersey-server-1.9.jar:/home/travis/.gradle/caches/modules-2/files-2.1/com.sun.jersey/jersey-core/1.9/8341846f18187013bb9e27e46b7ee00a6395daf4/jersey-core-1.9.jar:/home/travis/.gradle/caches/modules-2/files-2.1/com.google.inject.extensions/guice-servlet/3.0/610cde0e8da5a8b7d8efb8f0b8987466ffebaaf9/guice-servlet-3.0.jar:/home/travis/.gradle/caches/modules-2/files-2.1/com.google.inject/guice/3.0/9d84f15fe35e2c716a02979fb62f50a29f38aefa/guice-3.0.jar:/home/travis/.gradle/caches/modules-2/files-2.1/oro/oro/2.0.8/5592374f834645c4ae250f4c9fbb314c9369d698/oro-2.0.8.jar:/home/travis/.gradle/caches/modules-2/files-2.1/javax.transaction/jta/1.1/2ca09f0b36ca7d71b762e14ea2ff09d5eac57558/jta-1.1.jar:/home/travis/.gradle/caches/modules-2/files-2.1/org.codehaus.jettison/jettison/1.1/1a01a2a1218fcf9faa2cc2a6ced025bdea687262/jettison-1.1.jar:/home/travis/.gradle/caches/modules-2/files-2.1/javax.xml.stream/stax-api/1.0-2/d6337b0de8b25e53e81b922352fbea9f9f57ba0b/stax-api-1.0-2.jar:/home/travis/.gradle/caches/modules-2/files-2.1/javax.activation/activation/1.1/e6cb541461c2834bdea3eb920f1884d1eb508b50/activation-1.1.jar:/home/travis/.gradle/caches/modules-2/files-2.1/javax.inject/javax.inject/1/6975da39a7040257bd51d21a231b76c915872d38/javax.inject-1.jar:/home/travis/.gradle/caches/modules-2/files-2.1/aopalliance/aopalliance/1.0/235ba8b489512805ac13a8f9ea77a1ca5ebe3e8/aopalliance-1.0.jar:/home/travis/.gradle/caches/modules-2/files-2.1/org.sonatype.sisu.inject/cglib/2.2.1-v20090111/7ce5e983fd0e6c78346f4c9cbfa39d83049dda2/cglib-2.2.1-v20090111.jar:/home/travis/.gradle/caches/modules-2/files-2.1/asm/asm/3.1/c157def142714c544bdea2e6144645702adf7097/asm-3.1.jar:/home/travis/.gradle/caches/modules-2/files-2.1/com.thoughtworks.paranamer/paranamer/2.3/4a85963a752c0a2f715c3924bfc686865e7e1bc6/paranamer-2.3.jar:/home/travis/.gradle/caches/modules-2/files-2.1/org.xerial.snappy/snappy-java/1.0.5/10cb4550360a0ec6b80f09a5209d00b6058e82bf/snappy-java-1.0.5.jar:/home/travis/.gradle/caches/modules-2/files-2.1/org.junit.platform/junit-platform-console/1.1.1/be5fc85283343805b20707480ba63bb8f6169d01/junit-platform-console-1.1.1.jar:/home/travis/.gradle/caches/modules-2/files-2.1/org.junit.platform/junit-platform-launcher/1.1.1/7ba76f577d8a2193f8e6e5a4bd0dd2a30ffce549/junit-platform-launcher-1.1.1.jar:build/tmp/expandedArchives/org.jacoco.agent-0.8.0.jar_0a1ac833cae91eb2e2152073ffb36feb/jacocoagent.jar"/>
<property name="java.class.version" value="52.0"/>
<property name="java.endorsed.dirs" value="/usr/lib/jvm/java-8-oracle/jre/lib/endorsed"/>
<property name="java.ext.dirs" value="/usr/lib/jvm/java-8-oracle/jre/lib/ext:/usr/java/packages/lib/ext"/>
<property name="java.home" value="/usr/lib/jvm/java-8-oracle/jre"/>
<property name="java.io.tmpdir" value="/tmp"/>
<property name="java.library.path" value="/usr/java/packages/lib/amd64:/usr/lib64:/lib64:/lib:/usr/lib"/>
<property name="java.runtime.name" value="Java(TM) SE Runtime Environment"/>
<property name="java.runtime.version" value="1.8.0_151-b12"/>
<property name="java.specification.name" value="Java Platform API Specification"/>
<property name="java.specification.vendor" value="Oracle Corporation"/>
<property name="java.specification.version" value="1.8"/>
<property name="java.vendor" value="Oracle Corporation"/>
<property name="java.vendor.url" value="http://java.oracle.com/"/>
<property name="java.vendor.url.bug" value="http://bugreport.sun.com/bugreport/"/>
<property name="java.version" value="1.8.0_151"/>
<property name="java.vm.info" value="mixed mode"/>
<property name="java.vm.name" value="Java HotSpot(TM) 64-Bit Server VM"/>
<property name="java.vm.specification.name" value="Java Virtual Machine Specification"/>
<property name="java.vm.specification.vendor" value="Oracle Corporation"/>
<property name="java.vm.specification.version" value="1.8"/>
<property name="java.vm.vendor" value="Oracle Corporation"/>
<property name="java.vm.version" value="25.151-b12"/>
<property name="line.separator" value="
"/>
<property name="os.arch" value="amd64"/>
<property name="os.name" value="Linux"/>
<property name="os.version" value="4.14.12-041412-generic"/>
<property name="path.separator" value=":"/>
<property name="sun.arch.data.model" value="64"/>
<property name="sun.boot.class.path" value="/usr/lib/jvm/java-8-oracle/jre/lib/resources.jar:/usr/lib/jvm/java-8-oracle/jre/lib/rt.jar:/usr/lib/jvm/java-8-oracle/jre/lib/sunrsasign.jar:/usr/lib/jvm/java-8-oracle/jre/lib/jsse.jar:/usr/lib/jvm/java-8-oracle/jre/lib/jce.jar:/usr/lib/jvm/java-8-oracle/jre/lib/charsets.jar:/usr/lib/jvm/java-8-oracle/jre/lib/jfr.jar:/usr/lib/jvm/java-8-oracle/jre/classes"/>
<property name="sun.boot.library.path" value="/usr/lib/jvm/java-8-oracle/jre/lib/amd64"/>
<property name="sun.cpu.endian" value="little"/>
<property name="sun.cpu.isalist" value=""/>
<property name="sun.io.unicode.encoding" value="UnicodeLittle"/>
<property name="sun.java.command" value="org.junit.platform.console.ConsoleLauncher --details NONE --scan-class-path /home/travis/build/ZuInnoTe/hadoopcryptoledger/hiveserde/build/classes/java/integrationTest:/home/travis/build/ZuInnoTe/hadoopcryptoledger/hiveserde/build/resources/integrationTest:/home/travis/build/ZuInnoTe/hadoopcryptoledger/hiveserde/build/classes/java/main:/home/travis/build/ZuInnoTe/hadoopcryptoledger/hiveserde/build/resources/main:/home/travis/build/ZuInnoTe/hadoopcryptoledger/hiveserde/build/classes/java/test:/home/travis/build/ZuInnoTe/hadoopcryptoledger/hiveserde/build/resources/test -n ^.*Tests?$ --reports-dir /home/travis/build/ZuInnoTe/hadoopcryptoledger/hiveserde/build/test-results/junit-platform"/>
<property name="sun.java.launcher" value="SUN_STANDARD"/>
<property name="sun.jnu.encoding" value="UTF-8"/>
<property name="sun.management.compiler" value="HotSpot 64-Bit Tiered Compilers"/>
<property name="sun.os.patch.level" value="unknown"/>
<property name="user.country" value="US"/>
<property name="user.dir" value="/home/travis/build/ZuInnoTe/hadoopcryptoledger/hiveserde"/>
<property name="user.home" value="/home/travis"/>
<property name="user.language" value="en"/>
<property name="user.name" value="travis"/>
<property name="user.timezone" value="UTC"/>
<property name="user.variant" value=""/>
</properties>
<testcase name="initializePositive()" classname="org.zuinnote.hadoop.bitcoin.hive.serde.BitcoinHiveSerdeTest" time="1.03">
<system-out><![CDATA[
unique-id: [engine:junit-jupiter]/[class:org.zuinnote.hadoop.bitcoin.hive.serde.BitcoinHiveSerdeTest]/[method:initializePositive()]
display-name: initializePositive()
]]></system-out>
</testcase>
<testcase name="checkTestDataGenesisBlockAvailable()" classname="org.zuinnote.hadoop.bitcoin.hive.serde.BitcoinHiveSerdeTest" time="0.005">
<system-out><![CDATA[
unique-id: [engine:junit-jupiter]/[class:org.zuinnote.hadoop.bitcoin.hive.serde.BitcoinHiveSerdeTest]/[method:checkTestDataGenesisBlockAvailable()]
display-name: checkTestDataGenesisBlockAvailable()
]]></system-out>
</testcase>
<testcase name="deserialize()" classname="org.zuinnote.hadoop.bitcoin.hive.serde.BitcoinHiveSerdeTest" time="0.024">
<system-out><![CDATA[
unique-id: [engine:junit-jupiter]/[class:org.zuinnote.hadoop.bitcoin.hive.serde.BitcoinHiveSerdeTest]/[method:deserialize()]
display-name: deserialize()
]]></system-out>
</testcase>
<testcase name="checkTestDataBlock1346406Available()" classname="org.zuinnote.hadoop.ethereum.hive.serde.EthereumHiveSerdeTest" time="0.001">
<system-out><![CDATA[
unique-id: [engine:junit-jupiter]/[class:org.zuinnote.hadoop.ethereum.hive.serde.EthereumHiveSerdeTest]/[method:checkTestDataBlock1346406Available()]
display-name: checkTestDataBlock1346406Available()
]]></system-out>
</testcase>
<testcase name="initializePositive()" classname="org.zuinnote.hadoop.ethereum.hive.serde.EthereumHiveSerdeTest" time="0.074">
<system-out><![CDATA[
unique-id: [engine:junit-jupiter]/[class:org.zuinnote.hadoop.ethereum.hive.serde.EthereumHiveSerdeTest]/[method:initializePositive()]
display-name: initializePositive()
]]></system-out>
</testcase>
<testcase name="deserialize()" classname="org.zuinnote.hadoop.ethereum.hive.serde.EthereumHiveSerdeTest" time="0.029">
<system-out><![CDATA[
unique-id: [engine:junit-jupiter]/[class:org.zuinnote.hadoop.ethereum.hive.serde.EthereumHiveSerdeTest]/[method:deserialize()]
display-name: deserialize()
]]></system-out>
</testcase>
<system-out><![CDATA[
unique-id: [engine:junit-jupiter]
display-name: JUnit Jupiter
]]></system-out>
</testsuite>
