<?xml version="1.0" encoding="UTF-8"?>
<testsuite name="JUnit Jupiter" tests="19" skipped="0" failures="0" errors="0" time="0.662" hostname="travis-job-zuinnote-hadoopcryptole-394748584.travisci.net" timestamp="2018-06-20T21:12:52">
<properties>
<property name="awt.toolkit" value="sun.awt.X11.XToolkit"/>
<property name="file.encoding" value="UTF-8"/>
<property name="file.encoding.pkg" value="sun.io"/>
<property name="file.separator" value="/"/>
<property name="java.awt.graphicsenv" value="sun.awt.X11GraphicsEnvironment"/>
<property name="java.awt.printerjob" value="sun.print.PSPrinterJob"/>
<property name="java.class.path" value="/home/travis/build/ZuInnoTe/hadoopcryptoledger/flinkdatasource/build/classes/java/test:/home/travis/build/ZuInnoTe/hadoopcryptoledger/flinkdatasource/build/resources/test:/home/travis/build/ZuInnoTe/hadoopcryptoledger/flinkdatasource/build/classes/java/main:/home/travis/build/ZuInnoTe/hadoopcryptoledger/flinkdatasource/build/resources/main:/home/travis/.gradle/caches/modules-2/files-2.1/com.github.zuinnote/hadoopcryptoledger-fileformat/1.2.0/c3d1d7f4ba87f7265b9fcf33f19f6ce8dc12cd2b/hadoopcryptoledger-fileformat-1.2.0.jar:/home/travis/.gradle/caches/modules-2/files-2.1/org.junit.jupiter/junit-jupiter-engine/5.1.1/92ae5e81f6459edc0fd1cb74612c910a01622c7/junit-jupiter-engine-5.1.1.jar:/home/travis/.gradle/caches/modules-2/files-2.1/org.junit.jupiter/junit-jupiter-api/5.1.1/fcca73c9c2825c9a966380c6d146a71acba233ca/junit-jupiter-api-5.1.1.jar:/home/travis/.gradle/caches/modules-2/files-2.1/org.junit.platform/junit-platform-engine/1.1.1/62af0a28f8c153b940e8abcb485f25dd07ffe633/junit-platform-engine-1.1.1.jar:/home/travis/.gradle/caches/modules-2/files-2.1/org.junit.platform/junit-platform-commons/1.1.1/36fca464a84454cf56ae2759a8ba18d6d99d1113/junit-platform-commons-1.1.1.jar:/home/travis/.gradle/caches/modules-2/files-2.1/org.apiguardian/apiguardian-api/1.0.0/3ef5276905e36f4d8055fe3cb0bdcc7503ffc85d/apiguardian-api-1.0.0.jar:/home/travis/.gradle/caches/modules-2/files-2.1/org.opentest4j/opentest4j/1.0.0/6f09c598e9ff64bf0ce2fa7e7de49a99ba83c0b4/opentest4j-1.0.0.jar:/home/travis/.gradle/caches/modules-2/files-2.1/org.apache.hadoop/hadoop-client/2.7.0/73be5be8ee3ce6dc75cd3a293d0ddae4bdf5474e/hadoop-client-2.7.0.jar:/home/travis/.gradle/caches/modules-2/files-2.1/org.apache.flink/flink-java/1.2.0/c383176a59eda5a09e8374308548e8f6b6c8ebbf/flink-java-1.2.0.jar:/home/travis/.gradle/caches/modules-2/files-2.1/org.apache.logging.log4j/log4j-api/2.9.1/7a2999229464e7a324aa503c0a52ec0f05efe7bd/log4j-api-2.9.1.jar:/home/travis/.gradle/caches/modules-2/files-2.1/org.apache.hadoop/hadoop-common/2.7.0/b67be0ff22ae931d900c1a511cb7d777fd5b07c7/hadoop-common-2.7.0.jar:/home/travis/.gradle/caches/modules-2/files-2.1/org.apache.hadoop/hadoop-hdfs/2.7.0/17fc2f0398cf80c2047bcfbb9bd453d321fee63/hadoop-hdfs-2.7.0.jar:/home/travis/.gradle/caches/modules-2/files-2.1/org.apache.hadoop/hadoop-mapreduce-client-app/2.7.0/d796d154ee86a63abb341e21ec18439b2e4ab7c0/hadoop-mapreduce-client-app-2.7.0.jar:/home/travis/.gradle/caches/modules-2/files-2.1/org.apache.hadoop/hadoop-mapreduce-client-jobclient/2.7.0/98af7d6ebf3093fffe9a9ff10c88a006179df77e/hadoop-mapreduce-client-jobclient-2.7.0.jar:/home/travis/.gradle/caches/modules-2/files-2.1/org.apache.hadoop/hadoop-mapreduce-client-shuffle/2.7.0/bc3eaa4a727d29791f3a573594ca411900a47d74/hadoop-mapreduce-client-shuffle-2.7.0.jar:/home/travis/.gradle/caches/modules-2/files-2.1/org.apache.hadoop/hadoop-mapreduce-client-common/2.7.0/d0e43e6ef2b4df32b8e9721bd1ae0a647884b3ab/hadoop-mapreduce-client-common-2.7.0.jar:/home/travis/.gradle/caches/modules-2/files-2.1/org.apache.hadoop/hadoop-yarn-client/2.7.0/2d46d97a8bae442408a1db38c36c4de128aae763/hadoop-yarn-client-2.7.0.jar:/home/travis/.gradle/caches/modules-2/files-2.1/org.apache.hadoop/hadoop-mapreduce-client-core/2.7.0/4046f0a3e4adc3b6cc9e4f3b455eb0a954d01faf/hadoop-mapreduce-client-core-2.7.0.jar:/home/travis/.gradle/caches/modules-2/files-2.1/org.apache.hadoop/hadoop-yarn-server-nodemanager/2.7.0/b73da4ff767f57d967e0cc598dc1673587ce27db/hadoop-yarn-server-nodemanager-2.7.0.jar:/home/travis/.gradle/caches/modules-2/files-2.1/org.apache.hadoop/hadoop-yarn-server-common/2.7.0/97ddd9bc8fd2531dc4601c41be50763a9f63a905/hadoop-yarn-server-common-2.7.0.jar:/home/travis/.gradle/caches/modules-2/files-2.1/org.apache.hadoop/hadoop-yarn-common/2.7.0/acdcfa98feae91bc4ab7f72c5648d50163a74725/hadoop-yarn-common-2.7.0.jar:/home/travis/.gradle/caches/modules-2/files-2.1/org.apache.hadoop/hadoop-yarn-api/2.7.0/3f8445cfc9739af9fd593accc39d5c1102ee805a/hadoop-yarn-api-2.7.0.jar:/home/travis/.gradle/caches/modules-2/files-2.1/org.apache.hadoop/hadoop-annotations/2.7.0/ed3e60c290836577c1c6c37b853220e993837c94/hadoop-annotations-2.7.0.jar:/home/travis/.gradle/caches/modules-2/files-2.1/org.apache.flink/flink-core/1.2.0/c499a5e37ffbfa8d47aa09588de6f8817cbabce4/flink-core-1.2.0.jar:/home/travis/.gradle/caches/modules-2/files-2.1/org.apache.flink/flink-shaded-hadoop2/1.2.0/cad87f9c4fb25e5b4c3d83ba27b4b9318ef3aede/flink-shaded-hadoop2-1.2.0.jar:/home/travis/.gradle/caches/modules-2/files-2.1/org.apache.commons/commons-lang3/3.3.2/90a3822c38ec8c996e84c16a3477ef632cbc87a3/commons-lang3-3.3.2.jar:/home/travis/.gradle/caches/modules-2/files-2.1/org.apache.commons/commons-math3/3.5/13af68e9a11576953f5c4b09436f8207be9d3a27/commons-math3-3.5.jar:/home/travis/.gradle/caches/modules-2/files-2.1/org.apache.hadoop/hadoop-auth/2.7.0/10351dee7ef55affc959f14b4357bbb00ed40ea0/hadoop-auth-2.7.0.jar:/home/travis/.gradle/caches/modules-2/files-2.1/org.apache.curator/curator-recipes/2.7.1/a2c180efc6a38a4f8c9197eb35bb4eb5716cd2fa/curator-recipes-2.7.1.jar:/home/travis/.gradle/caches/modules-2/files-2.1/org.apache.curator/curator-framework/2.7.1/8c7b1eeb78e43bb91ea737111ba3dec0512be876/curator-framework-2.7.1.jar:/home/travis/.gradle/caches/modules-2/files-2.1/org.apache.curator/curator-client/2.7.1/a591dfc085db3e9d4d480381cc7e6ae8a26b34af/curator-client-2.7.1.jar:/home/travis/.gradle/caches/modules-2/files-2.1/org.apache.zookeeper/zookeeper/3.4.6/1b2502e29da1ebaade2357cd1de35a855fa3755/zookeeper-3.4.6.jar:/home/travis/.gradle/caches/modules-2/files-2.1/org.slf4j/slf4j-log4j12/1.7.10/b3eeae7d1765f988a1f45ea81517191315c69c9e/slf4j-log4j12-1.7.10.jar:/home/travis/.gradle/caches/modules-2/files-2.1/org.apache.avro/avro/1.7.7/3548c0bc136e71006f3fc34e22d34a29e5069e50/avro-1.7.7.jar:/home/travis/.gradle/caches/modules-2/files-2.1/org.apache.flink/flink-annotations/1.2.0/9edf6af47492622b82f7f104de0851a9846782e7/flink-annotations-1.2.0.jar:/home/travis/.gradle/caches/modules-2/files-2.1/org.apache.directory.server/apacheds-kerberos-codec/2.0.0-M15/1c16e4e477183641c5f0dd5cdecd27ec331bacb5/apacheds-kerberos-codec-2.0.0-M15.jar:/home/travis/.gradle/caches/modules-2/files-2.1/org.apache.directory.server/apacheds-i18n/2.0.0-M15/71c61c84683152ec2a6a65f3f96fe534e304fa22/apacheds-i18n-2.0.0-M15.jar:/home/travis/.gradle/caches/modules-2/files-2.1/org.apache.directory.api/api-asn1-api/1.0.0-M20/5e6486ffa3125ba44dc410ead166e1d6ba8ac76d/api-asn1-api-1.0.0-M20.jar:/home/travis/.gradle/caches/modules-2/files-2.1/org.apache.directory.api/api-util/1.0.0-M20/a871abf060b3cf83fc6dc4d7e3d151fce50ac3cb/api-util-1.0.0-M20.jar:/home/travis/.gradle/caches/modules-2/files-2.1/org.slf4j/slf4j-api/1.7.10/5b338f206827d88acd890739f400a9b7664e5984/slf4j-api-1.7.10.jar:/home/travis/.gradle/caches/modules-2/files-2.1/com.google.code.findbugs/jsr305/3.0.0/5871fb60dc68d67da54a663c3fd636a10a532948/jsr305-3.0.0.jar:/home/travis/.gradle/caches/modules-2/files-2.1/org.apache.flink/flink-metrics-core/1.2.0/8215b25c35982e1837a0533eac7e40c26ef16ee6/flink-metrics-core-1.2.0.jar:/home/travis/.gradle/caches/modules-2/files-2.1/org.apache.flink/force-shading/1.2.0/680ed5dae6d24e8ef38d22c1d32c96c321b0337c/force-shading-1.2.0.jar:/home/travis/.gradle/caches/modules-2/files-2.1/com.google.guava/guava/16.0.1/5fa98cd1a63c99a44dd8d3b77e4762b066a5d0c5/guava-16.0.1.jar:/home/travis/.gradle/caches/modules-2/files-2.1/commons-cli/commons-cli/1.3.1/1303efbc4b181e5a58bf2e967dc156a3132b97c0/commons-cli-1.3.1.jar:/home/travis/.gradle/caches/modules-2/files-2.1/xmlenc/xmlenc/0.52/d82554efbe65906d83b3d97bd7509289e9db561a/xmlenc-0.52.jar:/home/travis/.gradle/caches/modules-2/files-2.1/commons-httpclient/commons-httpclient/3.1/964cd74171f427720480efdec40a7c7f6e58426a/commons-httpclient-3.1.jar:/home/travis/.gradle/caches/modules-2/files-2.1/org.apache.httpcomponents/httpclient/4.2.5/666e26e76f2e87d84e4f16acb546481ae1b8e9a6/httpclient-4.2.5.jar:/home/travis/.gradle/caches/modules-2/files-2.1/commons-codec/commons-codec/1.6/b7f0fc8f61ecadeb3695f0b9464755eee44374d4/commons-codec-1.6.jar:/home/travis/.gradle/caches/modules-2/files-2.1/commons-io/commons-io/2.4/b1b6ea3b7e4aa4f492509a4952029cd8e48019ad/commons-io-2.4.jar:/home/travis/.gradle/caches/modules-2/files-2.1/commons-net/commons-net/3.1/2298164a7c2484406f2aa5ac85b205d39019896f/commons-net-3.1.jar:/home/travis/.gradle/caches/modules-2/files-2.1/commons-configuration/commons-configuration/1.7/3559d47ea9e5f46d8cdc6503f08344b67b255dfd/commons-configuration-1.7.jar:/home/travis/.gradle/caches/modules-2/files-2.1/commons-collections/commons-collections/3.2.2/8ad72fe39fa8c91eaaf12aadb21e0c3661fe26d5/commons-collections-3.2.2.jar:/home/travis/.gradle/caches/modules-2/files-2.1/javax.servlet.jsp/jsp-api/2.1/63f943103f250ef1f3a4d5e94d145a0f961f5316/jsp-api-2.1.jar:/home/travis/.gradle/caches/modules-2/files-2.1/commons-el/commons-el/1.0/1df2c042b3f2de0124750241ac6c886dbfa2cc2c/commons-el-1.0.jar:/home/travis/.gradle/caches/modules-2/files-2.1/commons-digester/commons-digester/1.8.1/3dec9b9c7ea9342d4dbe8c38560080d85b44a015/commons-digester-1.8.1.jar:/home/travis/.gradle/caches/modules-2/files-2.1/commons-beanutils/commons-beanutils-bean-collections/1.8.3/6f74b866fb9e744b6a4064ceeef5fb6803675435/commons-beanutils-bean-collections-1.8.3.jar:/home/travis/.gradle/caches/modules-2/files-2.1/commons-beanutils/commons-beanutils/1.8.3/686ef3410bcf4ab8ce7fd0b899e832aaba5facf7/commons-beanutils-1.8.3.jar:/home/travis/.gradle/caches/modules-2/files-2.1/commons-logging/commons-logging/1.1.3/f6f66e966c70a83ffbdb6f17a0919eaf7c8aca7f/commons-logging-1.1.3.jar:/home/travis/.gradle/caches/modules-2/files-2.1/log4j/log4j/1.2.17/5af35056b4d257e4b64b9e8069c0746e8b08629f/log4j-1.2.17.jar:/home/travis/.gradle/caches/modules-2/files-2.1/commons-lang/commons-lang/2.6/ce1edb914c94ebc388f086c6827e8bdeec71ac2/commons-lang-2.6.jar:/home/travis/.gradle/caches/modules-2/files-2.1/com.sun.jersey/jersey-json/1.9/1aa73e1896bcc7013fed247157d7f676226eb432/jersey-json-1.9.jar:/home/travis/.gradle/caches/modules-2/files-2.1/org.codehaus.jackson/jackson-jaxrs/1.9.13/534d72d2b9d6199dd531dfb27083dd4844082bba/jackson-jaxrs-1.9.13.jar:/home/travis/.gradle/caches/modules-2/files-2.1/org.codehaus.jackson/jackson-xc/1.9.13/e3480072bc95c202476ffa1de99ff7ee9149f29c/jackson-xc-1.9.13.jar:/home/travis/.gradle/caches/modules-2/files-2.1/org.codehaus.jackson/jackson-mapper-asl/1.9.13/1ee2f2bed0e5dd29d1cb155a166e6f8d50bbddb7/jackson-mapper-asl-1.9.13.jar:/home/travis/.gradle/caches/modules-2/files-2.1/org.codehaus.jackson/jackson-core-asl/1.9.13/3c304d70f42f832e0a86d45bd437f692129299a4/jackson-core-asl-1.9.13.jar:/home/travis/.gradle/caches/modules-2/files-2.1/com.google.protobuf/protobuf-java/2.5.0/a10732c76bfacdbd633a7eb0f7968b1059a65dfa/protobuf-java-2.5.0.jar:/home/travis/.gradle/caches/modules-2/files-2.1/com.google.code.gson/gson/2.2.4/a60a5e993c98c864010053cb901b7eab25306568/gson-2.2.4.jar:/home/travis/.gradle/caches/modules-2/files-2.1/org.apache.htrace/htrace-core/3.1.0-incubating/f73606e7c9ede5802335c290bf47490ad6d51df3/htrace-core-3.1.0-incubating.jar:/home/travis/.gradle/caches/modules-2/files-2.1/org.apache.commons/commons-compress/1.4.1/b02e84a993d88568417536240e970c4b809126fd/commons-compress-1.4.1.jar:/home/travis/.gradle/caches/modules-2/files-2.1/org.mortbay.jetty/jetty-util/6.1.26/e5642fe0399814e1687d55a3862aa5a3417226a9/jetty-util-6.1.26.jar:/home/travis/.gradle/caches/modules-2/files-2.1/io.netty/netty-all/4.0.23.Final/294104aaf1781d6a56a07d561e792c5d0c95f45/netty-all-4.0.23.Final.jar:/home/travis/.gradle/caches/modules-2/files-2.1/xerces/xercesImpl/2.9.1/7bc7e49ddfe4fb5f193ed37ecc96c12292c8ceb6/xercesImpl-2.9.1.jar:/home/travis/.gradle/caches/modules-2/files-2.1/org.fusesource.leveldbjni/leveldbjni-all/1.8/707350a2eeb1fa2ed77a32ddb3893ed308e941db/leveldbjni-all-1.8.jar:/home/travis/.gradle/caches/modules-2/files-2.1/com.esotericsoftware.kryo/kryo/2.24.0/c6b206e80cfd97e66a1364003724491c757b92f/kryo-2.24.0.jar:/home/travis/.gradle/caches/modules-2/files-2.1/org.tukaani/xz/1.0/ecff5cb8b1189514c9d1d8d68eb77ac372e000c9/xz-1.0.jar:/home/travis/.gradle/caches/modules-2/files-2.1/javax.servlet/servlet-api/2.5/5959582d97d8b61f4d154ca9e495aafd16726e34/servlet-api-2.5.jar:/home/travis/.gradle/caches/modules-2/files-2.1/com.sun.jersey/jersey-client/1.9/d3c4b2b5f89db32c96ceddcb863684821910a7bb/jersey-client-1.9.jar:/home/travis/.gradle/caches/modules-2/files-2.1/com.sun.jersey.contribs/jersey-guice/1.9/5963c28c47df7e5d6ad34cec80c071c368777f7b/jersey-guice-1.9.jar:/home/travis/.gradle/caches/modules-2/files-2.1/com.sun.jersey/jersey-server/1.9/3a6ea7cc5e15c824953f9f3ece2201b634d90d18/jersey-server-1.9.jar:/home/travis/.gradle/caches/modules-2/files-2.1/com.sun.jersey/jersey-core/1.9/8341846f18187013bb9e27e46b7ee00a6395daf4/jersey-core-1.9.jar:/home/travis/.gradle/caches/modules-2/files-2.1/com.jamesmurty.utils/java-xmlbuilder/0.4/ac5962e48cdee3a0a6e1f8e00fcb594747ac5aaf/java-xmlbuilder-0.4.jar:/home/travis/.gradle/caches/modules-2/files-2.1/com.thoughtworks.paranamer/paranamer/2.3/4a85963a752c0a2f715c3924bfc686865e7e1bc6/paranamer-2.3.jar:/home/travis/.gradle/caches/modules-2/files-2.1/org.xerial.snappy/snappy-java/1.0.5/10cb4550360a0ec6b80f09a5209d00b6058e82bf/snappy-java-1.0.5.jar:/home/travis/.gradle/caches/modules-2/files-2.1/com.jcraft/jsch/0.1.42/a86104b0f2e0c0bab5b0df836065823a99b5e334/jsch-0.1.42.jar:/home/travis/.gradle/caches/modules-2/files-2.1/commons-daemon/commons-daemon/1.0.13/750856a1fdb3ddf721ccf73c3518e4211cffc3a3/commons-daemon-1.0.13.jar:/home/travis/.gradle/caches/modules-2/files-2.1/com.sun.xml.bind/jaxb-impl/2.2.3-1/56baae106392040a45a06d4a41099173425da1e6/jaxb-impl-2.2.3-1.jar:/home/travis/.gradle/caches/modules-2/files-2.1/javax.xml.bind/jaxb-api/2.2.2/aeb3021ca93dde265796d82015beecdcff95bf09/jaxb-api-2.2.2.jar:/home/travis/.gradle/caches/modules-2/files-2.1/javax.xml.stream/stax-api/1.0-2/d6337b0de8b25e53e81b922352fbea9f9f57ba0b/stax-api-1.0-2.jar:/home/travis/.gradle/caches/modules-2/files-2.1/javax.activation/activation/1.1/e6cb541461c2834bdea3eb920f1884d1eb508b50/activation-1.1.jar:/home/travis/.gradle/caches/modules-2/files-2.1/jline/jline/0.9.94/99a18e9a44834afdebc467294e1138364c207402/jline-0.9.94.jar:/home/travis/.gradle/caches/modules-2/files-2.1/io.netty/netty/3.7.0.Final/7a8c35599c68c0bf383df74469aa3e03d9aca87/netty-3.7.0.Final.jar:/home/travis/.gradle/caches/modules-2/files-2.1/xml-apis/xml-apis/1.3.04/90b215f48fe42776c8c7f6e3509ec54e84fd65ef/xml-apis-1.3.04.jar:/home/travis/.gradle/caches/modules-2/files-2.1/com.google.inject/guice/3.0/9d84f15fe35e2c716a02979fb62f50a29f38aefa/guice-3.0.jar:/home/travis/.gradle/caches/modules-2/files-2.1/com.esotericsoftware.minlog/minlog/1.2/59bfcd171d82f9981a5e242b9e840191f650e209/minlog-1.2.jar:/home/travis/.gradle/caches/modules-2/files-2.1/org.objenesis/objenesis/2.1/87c0ea803b69252868d09308b4618f766f135a96/objenesis-2.1.jar:/home/travis/.gradle/caches/modules-2/files-2.1/org.apache.httpcomponents/httpcore/4.2.4/3b7f38df6de5dd8b500e602ae8c2dd5ee446f883/httpcore-4.2.4.jar:/home/travis/.gradle/caches/modules-2/files-2.1/junit/junit/3.8.1/99129f16442844f6a4a11ae22fbbee40b14d774f/junit-3.8.1.jar:/home/travis/.gradle/caches/modules-2/files-2.1/org.codehaus.jettison/jettison/1.1/1a01a2a1218fcf9faa2cc2a6ced025bdea687262/jettison-1.1.jar:/home/travis/.gradle/caches/modules-2/files-2.1/javax.inject/javax.inject/1/6975da39a7040257bd51d21a231b76c915872d38/javax.inject-1.jar:/home/travis/.gradle/caches/modules-2/files-2.1/aopalliance/aopalliance/1.0/235ba8b489512805ac13a8f9ea77a1ca5ebe3e8/aopalliance-1.0.jar:/home/travis/.gradle/caches/modules-2/files-2.1/org.sonatype.sisu.inject/cglib/2.2.1-v20090111/7ce5e983fd0e6c78346f4c9cbfa39d83049dda2/cglib-2.2.1-v20090111.jar:/home/travis/.gradle/caches/modules-2/files-2.1/asm/asm/3.1/c157def142714c544bdea2e6144645702adf7097/asm-3.1.jar:/home/travis/.gradle/caches/modules-2/files-2.1/org.junit.platform/junit-platform-console/1.1.1/be5fc85283343805b20707480ba63bb8f6169d01/junit-platform-console-1.1.1.jar:/home/travis/.gradle/caches/modules-2/files-2.1/org.junit.platform/junit-platform-launcher/1.1.1/7ba76f577d8a2193f8e6e5a4bd0dd2a30ffce549/junit-platform-launcher-1.1.1.jar:build/tmp/expandedArchives/org.jacoco.agent-0.8.1.jar_8059ed6e1ab8b88aac5d9097fad847bb/jacocoagent.jar"/>
<property name="java.class.version" value="52.0"/>
<property name="java.endorsed.dirs" value="/usr/lib/jvm/java-8-oracle/jre/lib/endorsed"/>
<property name="java.ext.dirs" value="/usr/lib/jvm/java-8-oracle/jre/lib/ext:/usr/java/packages/lib/ext"/>
<property name="java.home" value="/usr/lib/jvm/java-8-oracle/jre"/>
<property name="java.io.tmpdir" value="/tmp"/>
<property name="java.library.path" value="/usr/java/packages/lib/amd64:/usr/lib64:/lib64:/lib:/usr/lib"/>
<property name="java.runtime.name" value="Java(TM) SE Runtime Environment"/>
<property name="java.runtime.version" value="1.8.0_151-b12"/>
<property name="java.specification.name" value="Java Platform API Specification"/>
<property name="java.specification.vendor" value="Oracle Corporation"/>
<property name="java.specification.version" value="1.8"/>
<property name="java.vendor" value="Oracle Corporation"/>
<property name="java.vendor.url" value="http://java.oracle.com/"/>
<property name="java.vendor.url.bug" value="http://bugreport.sun.com/bugreport/"/>
<property name="java.version" value="1.8.0_151"/>
<property name="java.vm.info" value="mixed mode"/>
<property name="java.vm.name" value="Java HotSpot(TM) 64-Bit Server VM"/>
<property name="java.vm.specification.name" value="Java Virtual Machine Specification"/>
<property name="java.vm.specification.vendor" value="Oracle Corporation"/>
<property name="java.vm.specification.version" value="1.8"/>
<property name="java.vm.vendor" value="Oracle Corporation"/>
<property name="java.vm.version" value="25.151-b12"/>
<property name="line.separator" value="
"/>
<property name="os.arch" value="amd64"/>
<property name="os.name" value="Linux"/>
<property name="os.version" value="4.14.12-041412-generic"/>
<property name="path.separator" value=":"/>
<property name="sun.arch.data.model" value="64"/>
<property name="sun.boot.class.path" value="/usr/lib/jvm/java-8-oracle/jre/lib/resources.jar:/usr/lib/jvm/java-8-oracle/jre/lib/rt.jar:/usr/lib/jvm/java-8-oracle/jre/lib/sunrsasign.jar:/usr/lib/jvm/java-8-oracle/jre/lib/jsse.jar:/usr/lib/jvm/java-8-oracle/jre/lib/jce.jar:/usr/lib/jvm/java-8-oracle/jre/lib/charsets.jar:/usr/lib/jvm/java-8-oracle/jre/lib/jfr.jar:/usr/lib/jvm/java-8-oracle/jre/classes"/>
<property name="sun.boot.library.path" value="/usr/lib/jvm/java-8-oracle/jre/lib/amd64"/>
<property name="sun.cpu.endian" value="little"/>
<property name="sun.cpu.isalist" value=""/>
<property name="sun.io.unicode.encoding" value="UnicodeLittle"/>
<property name="sun.java.command" value="org.junit.platform.console.ConsoleLauncher --details NONE --scan-class-path /home/travis/build/ZuInnoTe/hadoopcryptoledger/flinkdatasource/build/classes/java/integrationTest:/home/travis/build/ZuInnoTe/hadoopcryptoledger/flinkdatasource/build/resources/integrationTest:/home/travis/build/ZuInnoTe/hadoopcryptoledger/flinkdatasource/build/classes/java/main:/home/travis/build/ZuInnoTe/hadoopcryptoledger/flinkdatasource/build/resources/main:/home/travis/build/ZuInnoTe/hadoopcryptoledger/flinkdatasource/build/classes/java/test:/home/travis/build/ZuInnoTe/hadoopcryptoledger/flinkdatasource/build/resources/test -n ^.*Tests?$ --reports-dir /home/travis/build/ZuInnoTe/hadoopcryptoledger/flinkdatasource/build/test-results/junit-platform"/>
<property name="sun.java.launcher" value="SUN_STANDARD"/>
<property name="sun.jnu.encoding" value="UTF-8"/>
<property name="sun.management.compiler" value="HotSpot 64-Bit Tiered Compilers"/>
<property name="sun.os.patch.level" value="unknown"/>
<property name="user.country" value="US"/>
<property name="user.dir" value="/home/travis/build/ZuInnoTe/hadoopcryptoledger/flinkdatasource"/>
<property name="user.home" value="/home/travis"/>
<property name="user.language" value="en"/>
<property name="user.name" value="travis"/>
<property name="user.timezone" value="UTC"/>
<property name="user.variant" value=""/>
</properties>
<testcase name="checkTestDataVersion3BlockAvailable()" classname="org.zuinnote.flink.bitcoin.FlinkBitcoinDataSourceTest" time="0.036">
<system-out><![CDATA[
unique-id: [engine:junit-jupiter]/[class:org.zuinnote.flink.bitcoin.FlinkBitcoinDataSourceTest]/[method:checkTestDataVersion3BlockAvailable()]
display-name: checkTestDataVersion3BlockAvailable()
]]></system-out>
</testcase>
<testcase name="restoreStateBitcoinBlock()" classname="org.zuinnote.flink.bitcoin.FlinkBitcoinDataSourceTest" time="0.254">
<system-out><![CDATA[
unique-id: [engine:junit-jupiter]/[class:org.zuinnote.flink.bitcoin.FlinkBitcoinDataSourceTest]/[method:restoreStateBitcoinBlock()]
display-name: restoreStateBitcoinBlock()
]]></system-out>
</testcase>
<testcase name="restoreStateBitcoinRawBlock()" classname="org.zuinnote.flink.bitcoin.FlinkBitcoinDataSourceTest" time="0.069">
<system-out><![CDATA[
unique-id: [engine:junit-jupiter]/[class:org.zuinnote.flink.bitcoin.FlinkBitcoinDataSourceTest]/[method:restoreStateBitcoinRawBlock()]
display-name: restoreStateBitcoinRawBlock()
]]></system-out>
</testcase>
<testcase name="parseBitcoinBlockGenesis()" classname="org.zuinnote.flink.bitcoin.FlinkBitcoinDataSourceTest" time="0.003">
<system-out><![CDATA[
unique-id: [engine:junit-jupiter]/[class:org.zuinnote.flink.bitcoin.FlinkBitcoinDataSourceTest]/[method:parseBitcoinBlockGenesis()]
display-name: parseBitcoinBlockGenesis()
]]></system-out>
</testcase>
<testcase name="checkTestDataVersion1BlockAvailable()" classname="org.zuinnote.flink.bitcoin.FlinkBitcoinDataSourceTest" time="0.001">
<system-out><![CDATA[
unique-id: [engine:junit-jupiter]/[class:org.zuinnote.flink.bitcoin.FlinkBitcoinDataSourceTest]/[method:checkTestDataVersion1BlockAvailable()]
display-name: checkTestDataVersion1BlockAvailable()
]]></system-out>
</testcase>
<testcase name="checkTestDataVersion4BlockAvailable()" classname="org.zuinnote.flink.bitcoin.FlinkBitcoinDataSourceTest" time="0.001">
<system-out><![CDATA[
unique-id: [engine:junit-jupiter]/[class:org.zuinnote.flink.bitcoin.FlinkBitcoinDataSourceTest]/[method:checkTestDataVersion4BlockAvailable()]
display-name: checkTestDataVersion4BlockAvailable()
]]></system-out>
</testcase>
<testcase name="parseBitcoinTransaction()" classname="org.zuinnote.flink.bitcoin.FlinkBitcoinDataSourceTest" time="0.013">
<system-out><![CDATA[
unique-id: [engine:junit-jupiter]/[class:org.zuinnote.flink.bitcoin.FlinkBitcoinDataSourceTest]/[method:parseBitcoinTransaction()]
display-name: parseBitcoinTransaction()
]]></system-out>
</testcase>
<testcase name="checkTestDataVersion2BlockAvailable()" classname="org.zuinnote.flink.bitcoin.FlinkBitcoinDataSourceTest" time="0.001">
<system-out><![CDATA[
unique-id: [engine:junit-jupiter]/[class:org.zuinnote.flink.bitcoin.FlinkBitcoinDataSourceTest]/[method:checkTestDataVersion2BlockAvailable()]
display-name: checkTestDataVersion2BlockAvailable()
]]></system-out>
</testcase>
<testcase name="checkTestDataMultiBlockAvailable()" classname="org.zuinnote.flink.bitcoin.FlinkBitcoinDataSourceTest" time="0.001">
<system-out><![CDATA[
unique-id: [engine:junit-jupiter]/[class:org.zuinnote.flink.bitcoin.FlinkBitcoinDataSourceTest]/[method:checkTestDataMultiBlockAvailable()]
display-name: checkTestDataMultiBlockAvailable()
]]></system-out>
</testcase>
<testcase name="checkTestDataGenesisBlockAvailable()" classname="org.zuinnote.flink.bitcoin.FlinkBitcoinDataSourceTest" time="0">
<system-out><![CDATA[
unique-id: [engine:junit-jupiter]/[class:org.zuinnote.flink.bitcoin.FlinkBitcoinDataSourceTest]/[method:checkTestDataGenesisBlockAvailable()]
display-name: checkTestDataGenesisBlockAvailable()
]]></system-out>
</testcase>
<testcase name="restoreStateBitcoinTransaction()" classname="org.zuinnote.flink.bitcoin.FlinkBitcoinDataSourceTest" time="0.076">
<system-out><![CDATA[
unique-id: [engine:junit-jupiter]/[class:org.zuinnote.flink.bitcoin.FlinkBitcoinDataSourceTest]/[method:restoreStateBitcoinTransaction()]
display-name: restoreStateBitcoinTransaction()
]]></system-out>
</testcase>
<testcase name="parseBitcoinRawBlock()" classname="org.zuinnote.flink.bitcoin.FlinkBitcoinDataSourceTest" time="0.003">
<system-out><![CDATA[
unique-id: [engine:junit-jupiter]/[class:org.zuinnote.flink.bitcoin.FlinkBitcoinDataSourceTest]/[method:parseBitcoinRawBlock()]
display-name: parseBitcoinRawBlock()
]]></system-out>
</testcase>
<testcase name="restoreStateBitcoinRawBlock()" classname="org.zuinnote.flink.ethereum.FlinkEthereumDataSourceTest" time="0.039">
<system-out><![CDATA[
unique-id: [engine:junit-jupiter]/[class:org.zuinnote.flink.ethereum.FlinkEthereumDataSourceTest]/[method:restoreStateBitcoinRawBlock()]
display-name: restoreStateBitcoinRawBlock()
]]></system-out>
</testcase>
<testcase name="checkTestDataBlock1346406Available()" classname="org.zuinnote.flink.ethereum.FlinkEthereumDataSourceTest" time="0">
<system-out><![CDATA[
unique-id: [engine:junit-jupiter]/[class:org.zuinnote.flink.ethereum.FlinkEthereumDataSourceTest]/[method:checkTestDataBlock1346406Available()]
display-name: checkTestDataBlock1346406Available()
]]></system-out>
</testcase>
<testcase name="parseEthereumBlock1346406()" classname="org.zuinnote.flink.ethereum.FlinkEthereumDataSourceTest" time="0.013">
<system-out><![CDATA[
unique-id: [engine:junit-jupiter]/[class:org.zuinnote.flink.ethereum.FlinkEthereumDataSourceTest]/[method:parseEthereumBlock1346406()]
display-name: parseEthereumBlock1346406()
]]></system-out>
</testcase>
<testcase name="checkTestDataBlock0to10Available()" classname="org.zuinnote.flink.ethereum.FlinkEthereumDataSourceTest" time="0.003">
<system-out><![CDATA[
unique-id: [engine:junit-jupiter]/[class:org.zuinnote.flink.ethereum.FlinkEthereumDataSourceTest]/[method:checkTestDataBlock0to10Available()]
display-name: checkTestDataBlock0to10Available()
]]></system-out>
</testcase>
<testcase name="checkTestDataBlock3346406Available()" classname="org.zuinnote.flink.ethereum.FlinkEthereumDataSourceTest" time="0">
<system-out><![CDATA[
unique-id: [engine:junit-jupiter]/[class:org.zuinnote.flink.ethereum.FlinkEthereumDataSourceTest]/[method:checkTestDataBlock3346406Available()]
display-name: checkTestDataBlock3346406Available()
]]></system-out>
</testcase>
<testcase name="parseEthereumRawBlock()" classname="org.zuinnote.flink.ethereum.FlinkEthereumDataSourceTest" time="0.001">
<system-out><![CDATA[
unique-id: [engine:junit-jupiter]/[class:org.zuinnote.flink.ethereum.FlinkEthereumDataSourceTest]/[method:parseEthereumRawBlock()]
display-name: parseEthereumRawBlock()
]]></system-out>
</testcase>
<testcase name="restoreStateEthereumBlock()" classname="org.zuinnote.flink.ethereum.FlinkEthereumDataSourceTest" time="0.011">
<system-out><![CDATA[
unique-id: [engine:junit-jupiter]/[class:org.zuinnote.flink.ethereum.FlinkEthereumDataSourceTest]/[method:restoreStateEthereumBlock()]
display-name: restoreStateEthereumBlock()
]]></system-out>
</testcase>
<system-out><![CDATA[
unique-id: [engine:junit-jupiter]
display-name: JUnit Jupiter
]]></system-out>
</testsuite>
